# JRE version: Java(TM) SE Runtime Environment (8.0_40-b09) (build 1.8.0_40-ea-b09)
# Java VM: Java HotSpot(TM) Client VM (25.40-b13 mixed mode windows-x86 )
Heap:
 def new generation   total 8064K, used 3058K [0x03a00000, 0x042b0000, 0x08f50000)
  eden space 7232K,  42% used [0x03a00000, 0x03cfc2e0, 0x04110000)
  from space 832K,   0% used [0x04110000, 0x04110670, 0x041e0000)
  to   space 832K,   0% used [0x041e0000, 0x041e0000, 0x042b0000)
 tenured generation   total 17628K, used 10640K [0x08f50000, 0x0a087000, 0x13a00000)
   the space 17628K,  60% used [0x08f50000, 0x099b4308, 0x099b4400, 0x0a087000)
 Metaspace       used 9505K, capacity 10054K, committed 10112K, reserved 10624K
GC Heap History (10 events):
Event: 1876.874 GC heap before
{Heap before GC invocations=146 (full 1):
 def new generation   total 8064K, used 7232K [0x03a00000, 0x042b0000, 0x08f50000)
  eden space 7232K, 100% used [0x03a00000, 0x04110000, 0x04110000)
  from space 832K,   0% used [0x041e0000, 0x041e0158, 0x042b0000)
  to   space 832K,   0% used [0x04110000, 0x04110000, 0x041e0000)
 tenured generation   total 17628K, used 10640K [0x08f50000, 0x0a087000, 0x13a00000)
   the space 17628K,  60% used [0x08f50000, 0x099b4308, 0x099b4400, 0x0a087000)
 Metaspace       used 9505K, capacity 10054K, committed 10112K, reserved 10624K
Event: 1876.875 GC heap after
Heap after GC invocations=147 (full 1):
 def new generation   total 8064K, used 0K [0x03a00000, 0x042b0000, 0x08f50000)
  eden space 7232K,   0% used [0x03a00000, 0x03a00000, 0x04110000)
  from space 832K,   0% used [0x04110000, 0x04110020, 0x041e0000)
  to   space 832K,   0% used [0x041e0000, 0x041e0000, 0x042b0000)
 tenured generation   total 17628K, used 10640K [0x08f50000, 0x0a087000, 0x13a00000)
   the space 17628K,  60% used [0x08f50000, 0x099b4308, 0x099b4400, 0x0a087000)
 Metaspace       used 9505K, capacity 10054K, committed 10112K, reserved 10624K
}
Event: 1877.587 GC heap before
{Heap before GC invocations=147 (full 1):
 def new generation   total 8064K, used 7232K [0x03a00000, 0x042b0000, 0x08f50000)
  eden space 7232K, 100% used [0x03a00000, 0x04110000, 0x04110000)
  from space 832K,   0% used [0x04110000, 0x04110020, 0x041e0000)
  to   space 832K,   0% used [0x041e0000, 0x041e0000, 0x042b0000)
 tenured generation   total 17628K, used 10640K [0x08f50000, 0x0a087000, 0x13a00000)
   the space 17628K,  60% used [0x08f50000, 0x099b4308, 0x099b4400, 0x0a087000)
 Metaspace       used 9505K, capacity 10054K, committed 10112K, reserved 10624K
Event: 1877.588 GC heap after
Heap after GC invocations=148 (full 1):
 def new generation   total 8064K, used 0K [0x03a00000, 0x042b0000, 0x08f50000)
  eden space 7232K,   0% used [0x03a00000, 0x03a00000, 0x04110000)
  from space 832K,   0% used [0x041e0000, 0x041e01f8, 0x042b0000)
  to   space 832K,   0% used [0x04110000, 0x04110000, 0x041e0000)
 tenured generation   total 17628K, used 10640K [0x08f50000, 0x0a087000, 0x13a00000)
   the space 17628K,  60% used [0x08f50000, 0x099b4308, 0x099b4400, 0x0a087000)
 Metaspace       used 9505K, capacity 10054K, committed 10112K, reserved 10624K
}
Event: 1878.317 GC heap before
{Heap before GC invocations=148 (full 1):
 def new generation   total 8064K, used 7232K [0x03a00000, 0x042b0000, 0x08f50000)
  eden space 7232K, 100% used [0x03a00000, 0x04110000, 0x04110000)
  from space 832K,   0% used [0x041e0000, 0x041e01f8, 0x042b0000)
  to   space 832K,   0% used [0x04110000, 0x04110000, 0x041e0000)
 tenured generation   total 17628K, used 10640K [0x08f50000, 0x0a087000, 0x13a00000)
   the space 17628K,  60% used [0x08f50000, 0x099b4308, 0x099b4400, 0x0a087000)
 Metaspace       used 9505K, capacity 10054K, committed 10112K, reserved 10624K
Event: 1878.317 GC heap after
Heap after GC invocations=149 (full 1):
 def new generation   total 8064K, used 0K [0x03a00000, 0x042b0000, 0x08f50000)
  eden space 7232K,   0% used [0x03a00000, 0x03a00000, 0x04110000)
  from space 832K,   0% used [0x04110000, 0x04110020, 0x041e0000)
  to   space 832K,   0% used [0x041e0000, 0x041e0000, 0x042b0000)
 tenured generation   total 17628K, used 10640K [0x08f50000, 0x0a087000, 0x13a00000)
   the space 17628K,  60% used [0x08f50000, 0x099b4308, 0x099b4400, 0x0a087000)
 Metaspace       used 9505K, capacity 10054K, committed 10112K, reserved 10624K
}
Event: 1879.050 GC heap before
{Heap before GC invocations=149 (full 1):
 def new generation   total 8064K, used 7232K [0x03a00000, 0x042b0000, 0x08f50000)
  eden space 7232K, 100% used [0x03a00000, 0x04110000, 0x04110000)
  from space 832K,   0% used [0x04110000, 0x04110020, 0x041e0000)
  to   space 832K,   0% used [0x041e0000, 0x041e0000, 0x042b0000)
 tenured generation   total 17628K, used 10640K [0x08f50000, 0x0a087000, 0x13a00000)
   the space 17628K,  60% used [0x08f50000, 0x099b4308, 0x099b4400, 0x0a087000)
 Metaspace       used 9505K, capacity 10054K, committed 10112K, reserved 10624K
Event: 1879.050 GC heap after
Heap after GC invocations=150 (full 1):
 def new generation   total 8064K, used 0K [0x03a00000, 0x042b0000, 0x08f50000)
  eden space 7232K,   0% used [0x03a00000, 0x03a00000, 0x04110000)
  from space 832K,   0% used [0x041e0000, 0x041e0168, 0x042b0000)
  to   space 832K,   0% used [0x04110000, 0x04110000, 0x041e0000)
 tenured generation   total 17628K, used 10640K [0x08f50000, 0x0a087000, 0x13a00000)
   the space 17628K,  60% used [0x08f50000, 0x099b4308, 0x099b4400, 0x0a087000)
 Metaspace       used 9505K, capacity 10054K, committed 10112K, reserved 10624K
}
Event: 1879.774 GC heap before
{Heap before GC invocations=150 (full 1):
 def new generation   total 8064K, used 7232K [0x03a00000, 0x042b0000, 0x08f50000)
  eden space 7232K, 100% used [0x03a00000, 0x04110000, 0x04110000)
  from space 832K,   0% used [0x041e0000, 0x041e0168, 0x042b0000)
  to   space 832K,   0% used [0x04110000, 0x04110000, 0x041e0000)
 tenured generation   total 17628K, used 10640K [0x08f50000, 0x0a087000, 0x13a00000)
   the space 17628K,  60% used [0x08f50000, 0x099b4308, 0x099b4400, 0x0a087000)
 Metaspace       used 9505K, capacity 10054K, committed 10112K, reserved 10624K
Event: 1879.775 GC heap after
Heap after GC invocations=151 (full 1):
 def new generation   total 8064K, used 1K [0x03a00000, 0x042b0000, 0x08f50000)
  eden space 7232K,   0% used [0x03a00000, 0x03a00000, 0x04110000)
  from space 832K,   0% used [0x04110000, 0x04110670, 0x041e0000)
  to   space 832K,   0% used [0x041e0000, 0x041e0000, 0x042b0000)
 tenured generation   total 17628K, used 10640K [0x08f50000, 0x0a087000, 0x13a00000)
   the space 17628K,  60% used [0x08f50000, 0x099b4308, 0x099b4400, 0x0a087000)
 Metaspace       used 9505K, capacity 10054K, committed 10112K, reserved 10624K
}

